<?xml version="1.0" encoding="UTF-8"?>
<testng-results ignored="0" total="1" passed="0" failed="1" skipped="0">
  <reporter-output>
  </reporter-output>
  <suite started-at="2024-06-08T18:37:38 IST" name="Default suite" finished-at="2024-06-08T18:38:10 IST" duration-ms="31488">
    <groups>
    </groups>
    <test started-at="2024-06-08T18:37:38 IST" name="Default test" finished-at="2024-06-08T18:38:10 IST" duration-ms="31488">
      <class name="scripts.Script4Bookposition">
        <test-method is-config="true" signature="beforeSuite()[pri:0, instance:scripts.Script4Bookposition@4135c3b]" started-at="2024-06-08T18:37:37 IST" name="beforeSuite" finished-at="2024-06-08T18:37:38 IST" duration-ms="909" status="PASS">
          <reporter-output>
          </reporter-output>
        </test-method> <!-- beforeSuite -->
        <test-method is-config="true" signature="beforeClass(java.lang.String)[pri:0, instance:scripts.Script4Bookposition@4135c3b]" started-at="2024-06-08T18:37:38 IST" name="beforeClass" finished-at="2024-06-08T18:37:51 IST" duration-ms="12796" status="PASS">
          <params>
            <param index="0">
              <value>
                <![CDATA[Chrome]]>
              </value>
            </param>
          </params>
          <reporter-output>
          </reporter-output>
        </test-method> <!-- beforeClass -->
        <test-method is-config="true" signature="beforeMethod()[pri:0, instance:scripts.Script4Bookposition@4135c3b]" started-at="2024-06-08T18:37:51 IST" name="beforeMethod" finished-at="2024-06-08T18:37:53 IST" duration-ms="2296" status="PASS">
          <reporter-output>
          </reporter-output>
        </test-method> <!-- beforeMethod -->
        <test-method signature="bookposionDropdown()[pri:0, instance:scripts.Script4Bookposition@4135c3b]" started-at="2024-06-08T18:37:53 IST" name="bookposionDropdown" finished-at="2024-06-08T18:38:09 IST" duration-ms="15295" status="FAIL">
          <exception class="org.openqa.selenium.NoSuchElementException">
            <message>
              <![CDATA[Cannot locate option with value: Name: Z to A
For documentation on this error, please visit: https://www.selenium.dev/documentation/webdriver/troubleshooting/errors#no-such-element-exception
Build info: version: '4.12.0', revision: '249f2a7d1b*'
System info: os.name: 'Windows 10', os.arch: 'amd64', os.version: '10.0', java.version: '17.0.10'
Driver info: driver.version: unknown]]>
            </message>
            <full-stacktrace>
              <![CDATA[org.openqa.selenium.NoSuchElementException: Cannot locate option with value: Name: Z to A
For documentation on this error, please visit: https://www.selenium.dev/documentation/webdriver/troubleshooting/errors#no-such-element-exception
Build info: version: '4.12.0', revision: '249f2a7d1b*'
System info: os.name: 'Windows 10', os.arch: 'amd64', os.version: '10.0', java.version: '17.0.10'
Driver info: driver.version: unknown
at org.openqa.selenium.support.ui.Select.findOptionsByValue(Select.java:289)
at org.openqa.selenium.support.ui.Select.selectByValue(Select.java:194)
at genericlib.Methods.selectDropDownByVisibleText(Methods.java:43)
at scripts.Script4Bookposition.bookposionDropdown(Script4Bookposition.java:19)
at java.base/jdk.internal.reflect.NativeMethodAccessorImpl.invoke0(Native Method)
at java.base/jdk.internal.reflect.NativeMethodAccessorImpl.invoke(NativeMethodAccessorImpl.java:77)
at java.base/jdk.internal.reflect.DelegatingMethodAccessorImpl.invoke(DelegatingMethodAccessorImpl.java:43)
at java.base/java.lang.reflect.Method.invoke(Method.java:568)
at org.testng.internal.MethodInvocationHelper.invokeMethod(MethodInvocationHelper.java:132)
at org.testng.internal.TestInvoker.invokeMethod(TestInvoker.java:599)
at org.testng.internal.TestInvoker.invokeTestMethod(TestInvoker.java:174)
at org.testng.internal.MethodRunner.runInSequence(MethodRunner.java:46)
at org.testng.internal.TestInvoker$MethodInvocationAgent.invoke(TestInvoker.java:822)
at org.testng.internal.TestInvoker.invokeTestMethods(TestInvoker.java:147)
at org.testng.internal.TestMethodWorker.invokeTestMethods(TestMethodWorker.java:146)
at org.testng.internal.TestMethodWorker.run(TestMethodWorker.java:128)
at java.base/java.util.ArrayList.forEach(ArrayList.java:1511)
at org.testng.TestRunner.privateRun(TestRunner.java:764)
at org.testng.TestRunner.run(TestRunner.java:585)
at org.testng.SuiteRunner.runTest(SuiteRunner.java:384)
at org.testng.SuiteRunner.runSequentially(SuiteRunner.java:378)
at org.testng.SuiteRunner.privateRun(SuiteRunner.java:337)
at org.testng.SuiteRunner.run(SuiteRunner.java:286)
at org.testng.SuiteRunnerWorker.runSuite(SuiteRunnerWorker.java:53)
at org.testng.SuiteRunnerWorker.run(SuiteRunnerWorker.java:96)
at org.testng.TestNG.runSuitesSequentially(TestNG.java:1218)
at org.testng.TestNG.runSuitesLocally(TestNG.java:1140)
at org.testng.TestNG.runSuites(TestNG.java:1069)
at org.testng.TestNG.run(TestNG.java:1037)
at org.testng.remote.AbstractRemoteTestNG.run(AbstractRemoteTestNG.java:115)
at org.testng.remote.RemoteTestNG.initAndRun(RemoteTestNG.java:293)
at org.testng.remote.RemoteTestNG.main(RemoteTestNG.java:91)
]]>
            </full-stacktrace>
          </exception> <!-- org.openqa.selenium.NoSuchElementException -->
          <reporter-output>
          </reporter-output>
        </test-method> <!-- bookposionDropdown -->
        <test-method is-config="true" signature="afterMethod()[pri:0, instance:scripts.Script4Bookposition@4135c3b]" started-at="2024-06-08T18:38:09 IST" name="afterMethod" finished-at="2024-06-08T18:38:10 IST" duration-ms="1023" status="PASS">
          <reporter-output>
          </reporter-output>
        </test-method> <!-- afterMethod -->
        <test-method is-config="true" signature="afterClass()[pri:0, instance:scripts.Script4Bookposition@4135c3b]" started-at="2024-06-08T18:38:10 IST" name="afterClass" finished-at="2024-06-08T18:38:10 IST" duration-ms="0" status="PASS">
          <reporter-output>
          </reporter-output>
        </test-method> <!-- afterClass -->
        <test-method is-config="true" signature="afterSuite()[pri:0, instance:scripts.Script4Bookposition@4135c3b]" started-at="2024-06-08T18:38:10 IST" name="afterSuite" finished-at="2024-06-08T18:38:11 IST" duration-ms="574" status="PASS">
          <reporter-output>
          </reporter-output>
        </test-method> <!-- afterSuite -->
      </class> <!-- scripts.Script4Bookposition -->
    </test> <!-- Default test -->
  </suite> <!-- Default suite -->
</testng-results>
